<?xml version="1.0" encoding="UTF-8"?>
<!-- Generated by org.testng.reporters.JUnitReportReporter -->
<testsuite hostname="Manjupriya" failures="0" tests="2" name="com.testng.features.Multi_Threading" time="0.038" errors="0" timestamp="2022-04-02T21:15:32 IST" skipped="0">
  <testcase classname="com.testng.features.Multi_Threading" name="password" time="0.019"/>
  <system-out/>
  <testcase classname="com.testng.features.Multi_Threading" name="username" time="0.019"/>
  <system-out/>
</testsuite> <!-- com.testng.features.Multi_Threading -->
