<?xml version="1.0" encoding="UTF-8"?>
<!-- Generated by org.testng.reporters.JUnitReportReporter -->
<testsuite hostname="Manjupriya" failures="0" tests="3" name="com.testng.features.Assert_Concept" time="0.034" errors="0" timestamp="2022-04-02T21:11:13 IST" skipped="0">
  <testcase classname="com.testng.features.Assert_Concept" name="username" time="0.022"/>
  <system-out/>
  <testcase classname="com.testng.features.Assert_Concept" name="password" time="0.003"/>
  <system-out/>
  <testcase classname="com.testng.features.Assert_Concept" name="result" time="0.009"/>
  <system-out/>
</testsuite> <!-- com.testng.features.Assert_Concept -->
