<?xml version="1.0" encoding="UTF-8"?>
<!-- Generated by org.testng.reporters.JUnitReportReporter -->
<testsuite hostname="Manjupriya" failures="0" tests="4" name="com.testng.features.Ignore_Concept" time="0.024" errors="0" timestamp="2022-03-29T20:56:58 IST" skipped="1">
  <testcase classname="com.testng.features.Ignore_Concept" name="saree" time="0.017"/>
  <system-out/>
  <testcase classname="com.testng.features.Ignore_Concept" name="kurta" time="0.003"/>
  <system-out/>
  <testcase classname="com.testng.features.Ignore_Concept" name="lehanga" time="0.004"/>
  <system-out/>
  <testcase classname="com.testng.features.Ignore_Concept" name="towel">
    <skipped/>
  </testcase> <!-- towel -->
  <system-out/>
</testsuite> <!-- com.testng.features.Ignore_Concept -->
