<?xml version="1.0" encoding="UTF-8"?>
<!-- Generated by org.testng.reporters.JUnitReportReporter -->
<testsuite hostname="Manjupriya" failures="0" tests="1" name="com.testng.features.Timeout_Concept" time="9.168" errors="0" timestamp="2022-03-30T10:10:50 IST" skipped="0">
  <testcase classname="com.testng.features.Timeout_Concept" name="browser_launch" time="9.168"/>
  <system-out/>
</testsuite> <!-- com.testng.features.Timeout_Concept -->
