<?xml version="1.0" encoding="UTF-8"?>
<!-- Generated by org.testng.reporters.JUnitReportReporter -->
<testsuite hostname="Manjupriya" failures="0" tests="5" name="com.testng.features.Groups_Concept" time="0.033" errors="0" timestamp="2022-03-29T20:07:17 IST" skipped="0">
  <testcase classname="com.testng.features.Groups_Concept" name="tshirt" time="0.015"/>
  <system-out/>
  <testcase classname="com.testng.features.Groups_Concept" name="saree" time="0.004"/>
  <system-out/>
  <testcase classname="com.testng.features.Groups_Concept" name="kurta" time="0.004"/>
  <system-out/>
  <testcase classname="com.testng.features.Groups_Concept" name="lehanga" time="0.003"/>
  <system-out/>
  <testcase classname="com.testng.features.Groups_Concept" name="jeans" time="0.007"/>
  <system-out/>
</testsuite> <!-- com.testng.features.Groups_Concept -->
