<?xml version="1.0" encoding="UTF-8"?>
<!-- Generated by org.testng.reporters.JUnitReportReporter -->
<testsuite hostname="Manjupriya" failures="0" tests="1" name="com.testng.features.Parameterized_Concept" time="0.015" errors="0" timestamp="2022-04-02T20:56:38 IST" skipped="0">
  <testcase classname="com.testng.features.Parameterized_Concept" name="credentials" time="0.015"/>
  <system-out/>
</testsuite> <!-- com.testng.features.Parameterized_Concept -->
