<?xml version="1.0" encoding="UTF-8"?>
<!-- Generated by org.testng.reporters.JUnitReportReporter -->
<testsuite hostname="Manjupriya" failures="0" tests="1" name="com.testng.features.Expected_Exception" time="0.018" errors="0" timestamp="2022-03-29T20:17:30 IST" skipped="0">
  <testcase classname="com.testng.features.Expected_Exception" name="calculate" time="0.018"/>
  <system-out/>
</testsuite> <!-- com.testng.features.Expected_Exception -->
