<?xml version="1.0" encoding="UTF-8"?>
<!-- Generated by org.testng.reporters.JUnitReportReporter -->
<testsuite hostname="Manjupriya" failures="0" tests="7" name="com.testng.features.Testng_runner" time="31.835" errors="0" timestamp="2022-03-30T15:07:04 IST" skipped="0">
  <testcase classname="com.testng.features.Testng_runner" name="logger_implementation" time="0.315"/>
  <system-out/>
  <testcase classname="com.testng.features.Testng_runner" name="launch_url" time="15.883"/>
  <system-out/>
  <testcase classname="com.testng.features.Testng_runner" name="credentials" time="5.945"/>
  <system-out/>
  <testcase classname="com.testng.features.Testng_runner" name="search_hotel" time="3.531"/>
  <system-out/>
  <testcase classname="com.testng.features.Testng_runner" name="select_hotel" time="1.827"/>
  <system-out/>
  <testcase classname="com.testng.features.Testng_runner" name="booking_details" time="2.860"/>
  <system-out/>
  <testcase classname="com.testng.features.Testng_runner" name="log_out" time="1.474"/>
  <system-out/>
</testsuite> <!-- com.testng.features.Testng_runner -->
