<?xml version="1.0" encoding="UTF-8"?>
<!-- Generated by org.testng.reporters.JUnitReportReporter -->
<testsuite hostname="Manjupriya" failures="0" tests="3" name="com.testng.features.Priority_Concept" time="0.028" errors="0" timestamp="2022-03-29T20:54:54 IST" skipped="0">
  <testcase classname="com.testng.features.Priority_Concept" name="username" time="0.022"/>
  <system-out/>
  <testcase classname="com.testng.features.Priority_Concept" name="password" time="0.003"/>
  <system-out/>
  <testcase classname="com.testng.features.Priority_Concept" name="login" time="0.003"/>
  <system-out/>
</testsuite> <!-- com.testng.features.Priority_Concept -->
