<?xml version="1.0" encoding="UTF-8"?>
<!-- Generated by org.testng.reporters.JUnitReportReporter -->
<testsuite hostname="Manjupriya" failures="0" tests="6" name="com.testng.features.Invocation_Count" time="0.041" errors="0" timestamp="2022-03-29T20:12:58 IST" skipped="0">
  <testcase classname="com.testng.features.Invocation_Count" name="browser_Launch" time="0.020"/>
  <system-out/>
  <testcase classname="com.testng.features.Invocation_Count" name="refresh" time="0.005"/>
  <system-out/>
  <testcase classname="com.testng.features.Invocation_Count" name="refresh" time="0.005"/>
  <system-out/>
  <testcase classname="com.testng.features.Invocation_Count" name="refresh" time="0.004"/>
  <system-out/>
  <testcase classname="com.testng.features.Invocation_Count" name="launch_Url" time="0.004"/>
  <system-out/>
  <testcase classname="com.testng.features.Invocation_Count" name="credentials" time="0.003"/>
  <system-out/>
</testsuite> <!-- com.testng.features.Invocation_Count -->
