<?xml version="1.0" encoding="UTF-8"?>
<!-- Generated by org.testng.reporters.JUnitReportReporter -->
<testsuite hostname="Manjupriya" failures="0" tests="3" name="com.testng.features.Data_Provider" time="0.026" errors="0" timestamp="2022-04-02T21:02:39 IST" skipped="0">
  <testcase classname="com.testng.features.Data_Provider" name="adactin_Runner" time="0.005"/>
  <system-out/>
  <testcase classname="com.testng.features.Data_Provider" name="adactin_Runner" time="0.016"/>
  <system-out/>
  <testcase classname="com.testng.features.Data_Provider" name="adactin_Runner" time="0.005"/>
  <system-out/>
</testsuite> <!-- com.testng.features.Data_Provider -->
