<?xml version="1.0" encoding="UTF-8"?>
<!-- Generated by org.testng.reporters.JUnitReportReporter -->
<testsuite hostname="Manjupriya" failures="0" tests="2" name="com.testng.features.Annotations_Demo" time="0.029" errors="0" timestamp="2022-03-28T18:23:31 IST" skipped="0">
  <testcase classname="com.testng.features.Annotations_Demo" name="childer" time="0.014"/>
  <system-out/>
  <testcase classname="com.testng.features.Annotations_Demo" name="women" time="0.015"/>
  <system-out/>
</testsuite> <!-- com.testng.features.Annotations_Demo -->
