<?xml version="1.0" encoding="UTF-8"?>
<!-- Generated by org.testng.reporters.JUnitReportReporter -->
<testsuite hostname="Manjupriya" failures="0" tests="4" name="com.testng.features.Dependency_Concept" time="0.070" errors="0" timestamp="2022-04-02T20:46:36 IST" skipped="0">
  <testcase classname="com.testng.features.Dependency_Concept" name="career" time="0.006"/>
  <system-out/>
  <testcase classname="com.testng.features.Dependency_Concept" name="HSC" time="0.037"/>
  <system-out/>
  <testcase classname="com.testng.features.Dependency_Concept" name="SSLC" time="0.019"/>
  <system-out/>
  <testcase classname="com.testng.features.Dependency_Concept" name="college" time="0.008"/>
  <system-out/>
</testsuite> <!-- com.testng.features.Dependency_Concept -->
